<?xml version="1.0" encoding="UTF-8"?>
<!-- Generated by org.testng.reporters.JUnitXMLReporter -->
<testsuite ignored="0" hostname="ashishsri" failures="0" tests="4" name="Default test" time="57.499" errors="0" timestamp="2023-04-09T08:46:23 IST">
  <testcase classname="AllTests.ToVerifyLoginTest" name="LoginTest" time="4.473"/>
  <testcase classname="AllTests.ToVerifyLoginTest" name="ClickOnProduct" time="4.318"/>
  <testcase classname="AllTests.ToVerifyLoginTest" name="To_verify_product_is_removing" time="46.334"/>
  <testcase classname="AllTests.ToVerifyLoginTest" name="Logout" time="2.336"/>
</testsuite> <!-- Default test -->
