<?xml version="1.0" encoding="UTF-8"?>
<!-- Generated by org.testng.reporters.JUnitXMLReporter -->
<testsuite ignored="2" hostname="ashishsri" failures="0" tests="4" name="Command line test" time="57.773" errors="0" timestamp="2023-04-09T08:55:22 IST">
  <testcase classname="AllTests.ToVerifyLoginTest" name="LoginTest" time="4.541"/>
  <testcase classname="AllTests.ToVerifyLoginTest" name="ClickOnProductTest" time="4.396"/>
  <testcase classname="AllTests.ToVerifyLoginTest" name="To_verify_product_is_removingTest" time="46.423"/>
  <testcase classname="AllTests.ToVerifyLoginTest" name="LogoutTest" time="2.378"/>
  <testcase classname="AllTests.BaseClassTest" name="@BeforeSuite Start" time="0.0">
    <ignored/>
  </testcase> <!-- @BeforeSuite Start -->
  <testcase classname="AllTests.BaseClassTest" name="@AfterSuite TearDown" time="0.0">
    <ignored/>
  </testcase> <!-- @AfterSuite TearDown -->
</testsuite> <!-- Command line test -->
