<?xml version="1.0" encoding="UTF-8" ?>
<testsuite tests="4" failures="0" name="TestSuite" time="61.503" errors="0" skipped="0">
  <properties>
[...]
</properties>
  <testcase classname="AllTests.ToVerifyLoginTest" name="LoginTest" time="4.543"/>
  <testcase classname="AllTests.ToVerifyLoginTest" name="ClickOnProductTest" time="4.396"/>
  <testcase classname="AllTests.ToVerifyLoginTest" name="To_verify_product_is_removingTest" time="46.423"/>
  <testcase classname="AllTests.ToVerifyLoginTest" name="LogoutTest" time="2.378"/>
</testsuite>